生成启动时间为 2015-06-03 15:10:47。
     1>项目“E:\wangxiang\Code_Material\Probabilistic Graphical Model\densecrf\meanfield-matlab-master\meanfield-matlab-master\include\densecrf\densecrf.vcxproj”在节点 2 上(Rebuild 个目标)。
     1>ClCompile:
         D:\Software\Microsoft Visual Studio 11.0\VC\bin\CL.exe /c /ZI /nologo /W3 /WX- /sdl /Od /Oy- /D WIN32 /D _DEBUG /D _CONSOLE /D _UNICODE /D UNICODE /Gm /EHsc /RTC1 /MDd /GS /fp:precise /Zc:wchar_t /Zc:forScope /Fo"Debug\\" /Fd"Debug\vc110.pdb" /Gd /TP /analyze- /errorReport:prompt ..\densecrf_mex.cpp
         densecrf_mex.cpp
     1>e:\wangxiang\code_material\probabilistic graphical model\densecrf\meanfield-matlab-master\meanfield-matlab-master\include\meanfield.h(423): warning C4018: “<”: 有符号/无符号不匹配
     1>e:\wangxiang\code_material\probabilistic graphical model\densecrf\meanfield-matlab-master\meanfield-matlab-master\include\meanfield.h(424): warning C4018: “<”: 有符号/无符号不匹配
     1>e:\wangxiang\code_material\probabilistic graphical model\densecrf\meanfield-matlab-master\meanfield-matlab-master\include\meanfield.h(427): warning C4018: “<”: 有符号/无符号不匹配
     1>e:\wangxiang\code_material\probabilistic graphical model\densecrf\meanfield-matlab-master\meanfield-matlab-master\include\meanfield.h(430): warning C4018: “<”: 有符号/无符号不匹配
     1>e:\wangxiang\code_material\probabilistic graphical model\densecrf\meanfield-matlab-master\meanfield-matlab-master\include\densecrf_mex.cpp(161): warning C4018: “<”: 有符号/无符号不匹配
     1>e:\wangxiang\code_material\probabilistic graphical model\densecrf\meanfield-matlab-master\meanfield-matlab-master\include\densecrf_mex.cpp(265): warning C4244: “参数”: 从“double”转换到“float”，可能丢失数据
       Link:
         D:\Software\Microsoft Visual Studio 11.0\VC\bin\link.exe /ERRORREPORT:PROMPT /OUT:"E:\wangxiang\Code_Material\Probabilistic Graphical Model\densecrf\meanfield-matlab-master\meanfield-matlab-master\include\Debug\densecrf.exe" /INCREMENTAL /NOLOGO kernel32.lib user32.lib gdi32.lib winspool.lib comdlg32.lib advapi32.lib shell32.lib ole32.lib oleaut32.lib uuid.lib odbc32.lib odbccp32.lib /MANIFEST /MANIFESTUAC:"level='asInvoker' uiAccess='false'" /manifest:embed /DEBUG /PDB:"E:\wangxiang\Code_Material\Probabilistic Graphical Model\densecrf\meanfield-matlab-master\meanfield-matlab-master\include\Debug\densecrf.pdb" /SUBSYSTEM:CONSOLE /TLBID:1 /DYNAMICBASE /NXCOMPAT /IMPLIB:"E:\wangxiang\Code_Material\Probabilistic Graphical Model\densecrf\meanfield-matlab-master\meanfield-matlab-master\include\Debug\densecrf.lib" /MACHINE:X86 Debug\densecrf_mex.obj
     1>densecrf_mex.obj : error LNK2019: 无法解析的外部符号 _mxGetNumberOfDimensions_730，该符号在函数 "public: __thiscall matrix<unsigned char>::matrix<unsigned char>(struct mxArray_tag const *)" (??0?$matrix@E@@QAE@PBUmxArray_tag@@@Z) 中被引用
     1>densecrf_mex.obj : error LNK2019: 无法解析的外部符号 _mxGetDimensions_730，该符号在函数 "public: __thiscall matrix<unsigned char>::matrix<unsigned char>(struct mxArray_tag const *)" (??0?$matrix@E@@QAE@PBUmxArray_tag@@@Z) 中被引用
     1>densecrf_mex.obj : error LNK2019: 无法解析的外部符号 _mxGetM，该符号在函数 "public: __thiscall matrix<unsigned char>::matrix<unsigned char>(struct mxArray_tag const *)" (??0?$matrix@E@@QAE@PBUmxArray_tag@@@Z) 中被引用
     1>densecrf_mex.obj : error LNK2019: 无法解析的外部符号 _mxGetFieldNameByNumber，该符号在函数 "public: __thiscall `anonymous namespace'::MexParams::MexParams(int,struct mxArray_tag const * * const)" (??0MexParams@?A0x5c2a00a8@@QAE@HQAPBUmxArray_tag@@@Z) 中被引用
     1>densecrf_mex.obj : error LNK2019: 无法解析的外部符号 _mxGetFieldByNumber_730，该符号在函数 "public: __thiscall `anonymous namespace'::MexParams::MexParams(int,struct mxArray_tag const * * const)" (??0MexParams@?A0x5c2a00a8@@QAE@HQAPBUmxArray_tag@@@Z) 中被引用
     1>densecrf_mex.obj : error LNK2019: 无法解析的外部符号 _mxGetClassID，该符号在函数 "public: __thiscall matrix<unsigned char>::matrix<unsigned char>(struct mxArray_tag const *)" (??0?$matrix@E@@QAE@PBUmxArray_tag@@@Z) 中被引用
     1>densecrf_mex.obj : error LNK2019: 无法解析的外部符号 _mxIsComplex，该符号在函数 "public: class std::vector<double,class std::allocator<double> > __thiscall `anonymous namespace'::MexParams::getdef<class std::vector<double,class std::allocator<double> > >(class std::basic_string<char,struct std::char_traits<char>,class std::allocator<char> > const &,class std::vector<double,class std::allocator<double> >)" (??$getdef@V?$vector@NV?$allocator@N@std@@@std@@@MexParams@?A0x5c2a00a8@@QAE?AV?$vector@NV?$allocator@N@std@@@std@@ABV?$basic_string@DU?$char_traits@D@std@@V?$allocator@D@2@@3@V23@@Z) 中被引用
     1>densecrf_mex.obj : error LNK2019: 无法解析的外部符号 _mxIsSparse，该符号在函数 "public: class std::vector<double,class std::allocator<double> > __thiscall `anonymous namespace'::MexParams::getdef<class std::vector<double,class std::allocator<double> > >(class std::basic_string<char,struct std::char_traits<char>,class std::allocator<char> > const &,class std::vector<double,class std::allocator<double> >)" (??$getdef@V?$vector@NV?$allocator@N@std@@@std@@@MexParams@?A0x5c2a00a8@@QAE?AV?$vector@NV?$allocator@N@std@@@std@@ABV?$basic_string@DU?$char_traits@D@std@@V?$allocator@D@2@@3@V23@@Z) 中被引用
     1>densecrf_mex.obj : error LNK2019: 无法解析的外部符号 _mxIsDouble，该符号在函数 "public: class std::vector<double,class std::allocator<double> > __thiscall `anonymous namespace'::MexParams::getdef<class std::vector<double,class std::allocator<double> > >(class std::basic_string<char,struct std::char_traits<char>,class std::allocator<char> > const &,class std::vector<double,class std::allocator<double> >)" (??$getdef@V?$vector@NV?$allocator@N@std@@@std@@@MexParams@?A0x5c2a00a8@@QAE?AV?$vector@NV?$allocator@N@std@@@std@@ABV?$basic_string@DU?$char_traits@D@std@@V?$allocator@D@2@@3@V23@@Z) 中被引用
     1>densecrf_mex.obj : error LNK2019: 无法解析的外部符号 _mxGetNumberOfElements，该符号在函数 "public: class std::vector<double,class std::allocator<double> > __thiscall `anonymous namespace'::MexParams::getdef<class std::vector<double,class std::allocator<double> > >(class std::basic_string<char,struct std::char_traits<char>,class std::allocator<char> > const &,class std::vector<double,class std::allocator<double> >)" (??$getdef@V?$vector@NV?$allocator@N@std@@@std@@@MexParams@?A0x5c2a00a8@@QAE?AV?$vector@NV?$allocator@N@std@@@std@@ABV?$basic_string@DU?$char_traits@D@std@@V?$allocator@D@2@@3@V23@@Z) 中被引用
     1>densecrf_mex.obj : error LNK2019: 无法解析的外部符号 _mxGetPr，该符号在函数 "public: class std::vector<double,class std::allocator<double> > __thiscall `anonymous namespace'::MexParams::getdef<class std::vector<double,class std::allocator<double> > >(class std::basic_string<char,struct std::char_traits<char>,class std::allocator<char> > const &,class std::vector<double,class std::allocator<double> >)" (??$getdef@V?$vector@NV?$allocator@N@std@@@std@@@MexParams@?A0x5c2a00a8@@QAE?AV?$vector@NV?$allocator@N@std@@@std@@ABV?$basic_string@DU?$char_traits@D@std@@V?$allocator@D@2@@3@V23@@Z) 中被引用
     1>densecrf_mex.obj : error LNK2019: 无法解析的外部符号 _mxGetN，该符号在函数 "public: __thiscall matrix<unsigned char>::matrix<unsigned char>(struct mxArray_tag const *)" (??0?$matrix@E@@QAE@PBUmxArray_tag@@@Z) 中被引用
     1>densecrf_mex.obj : error LNK2019: 无法解析的外部符号 _mxGetNumberOfFields，该符号在函数 "public: __thiscall `anonymous namespace'::MexParams::MexParams(int,struct mxArray_tag const * * const)" (??0MexParams@?A0x5c2a00a8@@QAE@HQAPBUmxArray_tag@@@Z) 中被引用
     1>densecrf_mex.obj : error LNK2019: 无法解析的外部符号 _mxDestroyArray，该符号在函数 "public: __thiscall matrix<unsigned char>::~matrix<unsigned char>(void)" (??1?$matrix@E@@QAE@XZ) 中被引用
     1>densecrf_mex.obj : error LNK2019: 无法解析的外部符号 _mxCreateNumericArray_730，该符号在函数 "public: __thiscall matrix<double>::matrix<double>(int,int,int,int)" (??0?$matrix@N@@QAE@HHHH@Z) 中被引用
     1>densecrf_mex.obj : error LNK2019: 无法解析的外部符号 _mxGetString_730，该符号在函数 "public: class std::basic_string<char,struct std::char_traits<char>,class std::allocator<char> > __thiscall `anonymous namespace'::MexParams::getdef<class std::basic_string<char,struct std::char_traits<char>,class std::allocator<char> > >(class std::basic_string<char,struct std::char_traits<char>,class std::allocator<char> > const &,class std::basic_string<char,struct std::char_traits<char>,class std::allocator<char> >)" (??$getdef@V?$basic_string@DU?$char_traits@D@std@@V?$allocator@D@2@@std@@@MexParams@?A0x5c2a00a8@@QAE?AV?$basic_string@DU?$char_traits@D@std@@V?$allocator@D@2@@std@@ABV23@V23@@Z) 中被引用
     1>densecrf_mex.obj : error LNK2019: 无法解析的外部符号 _mexErrMsgTxt，该符号在函数 "void __cdecl erfunc(char *)" (?erfunc@@YAXPAD@Z) 中被引用
     1>densecrf_mex.obj : error LNK2019: 无法解析的外部符号 _mexPrintf，该符号在函数 "double __cdecl endTime(char const *)" (?endTime@@YANPBD@Z) 中被引用
     1>densecrf_mex.obj : error LNK2019: 无法解析的外部符号 _mexEvalString，该符号在函数 "void __cdecl `anonymous namespace'::flush_output(void)" (?flush_output@?A0x5c2a00a8@@YAXXZ) 中被引用
     1>densecrf_mex.obj : error LNK2019: 无法解析的外部符号 "public: __thiscall PottsCompatibility::PottsCompatibility(float)" (??0PottsCompatibility@@QAE@M@Z)，该符号在函数 _mexFunction 中被引用
     1>densecrf_mex.obj : error LNK2019: 无法解析的外部符号 "public: __thiscall MRFEnergy<class TypePotts>::MRFEnergy<class TypePotts>(struct TypePotts::GlobalSize,void (__cdecl*)(char *))" (??0?$MRFEnergy@VTypePotts@@@@QAE@UGlobalSize@TypePotts@@P6AXPAD@Z@Z)，该符号在函数 _mexFunction 中被引用
     1>densecrf_mex.obj : error LNK2019: 无法解析的外部符号 "public: __thiscall MRFEnergy<class TypePotts>::~MRFEnergy<class TypePotts>(void)" (??1?$MRFEnergy@VTypePotts@@@@QAE@XZ)，该符号在函数 "public: void * __thiscall MRFEnergy<class TypePotts>::`scalar deleting destructor'(unsigned int)" (??_G?$MRFEnergy@VTypePotts@@@@QAEPAXI@Z) 中被引用
     1>densecrf_mex.obj : error LNK2019: 无法解析的外部符号 "public: struct MRFEnergy<class TypePotts>::Node * __thiscall MRFEnergy<class TypePotts>::AddNode(struct TypePotts::LocalSize,struct TypePotts::NodeData)" (?AddNode@?$MRFEnergy@VTypePotts@@@@QAEPAUNode@1@ULocalSize@TypePotts@@UNodeData@4@@Z)，该符号在函数 _mexFunction 中被引用
     1>densecrf_mex.obj : error LNK2019: 无法解析的外部符号 "public: void __thiscall MRFEnergy<class TypePotts>::AddEdge(struct MRFEnergy<class TypePotts>::Node *,struct MRFEnergy<class TypePotts>::Node *,struct TypePotts::EdgeData)" (?AddEdge@?$MRFEnergy@VTypePotts@@@@QAEXPAUNode@1@0UEdgeData@TypePotts@@@Z)，该符号在函数 _mexFunction 中被引用
     1>densecrf_mex.obj : error LNK2019: 无法解析的外部符号 "public: int __thiscall MRFEnergy<class TypePotts>::Minimize_TRW_S(struct MRFEnergy<class TypePotts>::Options &,double &,double &,double *)" (?Minimize_TRW_S@?$MRFEnergy@VTypePotts@@@@QAEHAAUOptions@1@AAN1PAN@Z)，该符号在函数 _mexFunction 中被引用
     1>densecrf_mex.obj : error LNK2019: 无法解析的外部符号 "public: void __thiscall DenseCRF::setUnaryEnergy(class Eigen::Matrix<float,-1,-1,0,-1,-1> const &)" (?setUnaryEnergy@DenseCRF@@QAEXABV?$Matrix@M$0?0$0?0$0A@$0?0$0?0@Eigen@@@Z)，该符号在函数 _mexFunction 中被引用
     1>densecrf_mex.obj : error LNK2019: 无法解析的外部符号 "public: class Eigen::Matrix<short,-1,1,0,-1,1> __thiscall DenseCRF::map(int)const " (?map@DenseCRF@@QBE?AV?$Matrix@F$0?0$00$0A@$0?0$00@Eigen@@H@Z)，该符号在函数 _mexFunction 中被引用
     1>densecrf_mex.obj : error LNK2019: 无法解析的外部符号 "public: class Eigen::Matrix<float,-1,1,0,-1,1> __thiscall DenseCRF::unaryEnergy(class Eigen::Matrix<short,-1,1,0,-1,1> const &)" (?unaryEnergy@DenseCRF@@QAE?AV?$Matrix@M$0?0$00$0A@$0?0$00@Eigen@@ABV?$Matrix@F$0?0$00$0A@$0?0$00@3@@Z)，该符号在函数 "public: double __thiscall extendedDenseCRF2D::energy(class Eigen::Matrix<short,-1,1,0,-1,1>)" (?energy@extendedDenseCRF2D@@QAENV?$Matrix@F$0?0$00$0A@$0?0$00@Eigen@@@Z) 中被引用
     1>densecrf_mex.obj : error LNK2019: 无法解析的外部符号 "public: class Eigen::Matrix<float,-1,1,0,-1,1> __thiscall DenseCRF::pairwiseEnergy(class Eigen::Matrix<short,-1,1,0,-1,1> const &,int)" (?pairwiseEnergy@DenseCRF@@QAE?AV?$Matrix@M$0?0$00$0A@$0?0$00@Eigen@@ABV?$Matrix@F$0?0$00$0A@$0?0$00@3@H@Z)，该符号在函数 "public: double __thiscall extendedDenseCRF2D::energy(class Eigen::Matrix<short,-1,1,0,-1,1>)" (?energy@extendedDenseCRF2D@@QAENV?$Matrix@F$0?0$00$0A@$0?0$00@Eigen@@@Z) 中被引用
     1>densecrf_mex.obj : error LNK2019: 无法解析的外部符号 "public: __thiscall DenseCRF2D::DenseCRF2D(int,int,int)" (??0DenseCRF2D@@QAE@HHH@Z)，该符号在函数 "public: __thiscall extendedDenseCRF2D::extendedDenseCRF2D(int,int,int)" (??0extendedDenseCRF2D@@QAE@HHH@Z) 中被引用
     1>densecrf_mex.obj : error LNK2019: 无法解析的外部符号 "public: virtual __thiscall DenseCRF2D::~DenseCRF2D(void)" (??1DenseCRF2D@@UAE@XZ)，该符号在函数 "public: virtual __thiscall extendedDenseCRF2D::~extendedDenseCRF2D(void)" (??1extendedDenseCRF2D@@UAE@XZ) 中被引用
     1>densecrf_mex.obj : error LNK2019: 无法解析的外部符号 "public: void __thiscall DenseCRF2D::addPairwiseGaussian(float,float,class LabelCompatibility *,enum KernelType,enum NormalizationType)" (?addPairwiseGaussian@DenseCRF2D@@QAEXMMPAVLabelCompatibility@@W4KernelType@@W4NormalizationType@@@Z)，该符号在函数 _mexFunction 中被引用
     1>densecrf_mex.obj : error LNK2019: 无法解析的外部符号 "public: void __thiscall DenseCRF2D::addPairwiseBilateral(float,float,float,float,float,unsigned char const *,class LabelCompatibility *,enum KernelType,enum NormalizationType)" (?addPairwiseBilateral@DenseCRF2D@@QAEXMMMMMPBEPAVLabelCompatibility@@W4KernelType@@W4NormalizationType@@@Z)，该符号在函数 _mexFunction 中被引用
     1>densecrf_mex.obj : error LNK2019: 无法解析的外部符号 "public: __thiscall Graph<float,float,float>::Graph<float,float,float>(int,int,void (__cdecl*)(char const *))" (??0?$Graph@MMM@@QAE@HHP6AXPBD@Z@Z)，该符号在函数 _mexFunction 中被引用
     1>densecrf_mex.obj : error LNK2019: 无法解析的外部符号 "public: __thiscall Graph<float,float,float>::~Graph<float,float,float>(void)" (??1?$Graph@MMM@@QAE@XZ)，该符号在函数 "public: void * __thiscall Graph<float,float,float>::`scalar deleting destructor'(unsigned int)" (??_G?$Graph@MMM@@QAEPAXI@Z) 中被引用
     1>densecrf_mex.obj : error LNK2019: 无法解析的外部符号 "public: float __thiscall Graph<float,float,float>::maxflow(bool,class Block<int> *)" (?maxflow@?$Graph@MMM@@QAEM_NPAV?$Block@H@@@Z)，该符号在函数 _mexFunction 中被引用
     1>densecrf_mex.obj : error LNK2019: 无法解析的外部符号 "private: void __thiscall Graph<float,float,float>::reallocate_nodes(int)" (?reallocate_nodes@?$Graph@MMM@@AAEXH@Z)，该符号在函数 "public: int __thiscall Graph<float,float,float>::add_node(int)" (?add_node@?$Graph@MMM@@QAEHH@Z) 中被引用
     1>densecrf_mex.obj : error LNK2019: 无法解析的外部符号 "private: void __thiscall Graph<float,float,float>::reallocate_arcs(void)" (?reallocate_arcs@?$Graph@MMM@@AAEXXZ)，该符号在函数 "public: void __thiscall Graph<float,float,float>::add_edge(int,int,float,float)" (?add_edge@?$Graph@MMM@@QAEXHHMM@Z) 中被引用
     1>MSVCRTD.lib(crtexe.obj) : error LNK2019: 无法解析的外部符号 _main，该符号在函数 ___tmainCRTStartup 中被引用
     1>E:\wangxiang\Code_Material\Probabilistic Graphical Model\densecrf\meanfield-matlab-master\meanfield-matlab-master\include\Debug\densecrf.exe : fatal error LNK1120: 39 个无法解析的外部命令
     1>已完成生成项目“E:\wangxiang\Code_Material\Probabilistic Graphical Model\densecrf\meanfield-matlab-master\meanfield-matlab-master\include\densecrf\densecrf.vcxproj”(Rebuild 个目标)的操作 - 失败。

生成失败。

已用时间 00:00:01.76
