E:\WANGXIANG\CODE_MATERIAL\PROBABILISTIC GRAPHICAL MODEL\DENSECRF\MEANFIELD-MATLAB-MASTER\MEANFIELD-MATLAB-MASTER\INCLUDE\DENSECRF\X64\RELEASE\UTIL.OBJ
E:\WANGXIANG\CODE_MATERIAL\PROBABILISTIC GRAPHICAL MODEL\DENSECRF\MEANFIELD-MATLAB-MASTER\MEANFIELD-MATLAB-MASTER\INCLUDE\DENSECRF\X64\RELEASE\UNARY.OBJ
E:\WANGXIANG\CODE_MATERIAL\PROBABILISTIC GRAPHICAL MODEL\DENSECRF\MEANFIELD-MATLAB-MASTER\MEANFIELD-MATLAB-MASTER\INCLUDE\DENSECRF\X64\RELEASE\PERMUTOHEDRAL.OBJ
E:\WANGXIANG\CODE_MATERIAL\PROBABILISTIC GRAPHICAL MODEL\DENSECRF\MEANFIELD-MATLAB-MASTER\MEANFIELD-MATLAB-MASTER\INCLUDE\DENSECRF\X64\RELEASE\PAIRWISE.OBJ
E:\WANGXIANG\CODE_MATERIAL\PROBABILISTIC GRAPHICAL MODEL\DENSECRF\MEANFIELD-MATLAB-MASTER\MEANFIELD-MATLAB-MASTER\INCLUDE\DENSECRF\X64\RELEASE\OPTIMIZATION.OBJ
E:\WANGXIANG\CODE_MATERIAL\PROBABILISTIC GRAPHICAL MODEL\DENSECRF\MEANFIELD-MATLAB-MASTER\MEANFIELD-MATLAB-MASTER\INCLUDE\DENSECRF\X64\RELEASE\OBJECTIVE.OBJ
E:\WANGXIANG\CODE_MATERIAL\PROBABILISTIC GRAPHICAL MODEL\DENSECRF\MEANFIELD-MATLAB-MASTER\MEANFIELD-MATLAB-MASTER\INCLUDE\DENSECRF\X64\RELEASE\LABELCOMPATIBILITY.OBJ
E:\WANGXIANG\CODE_MATERIAL\PROBABILISTIC GRAPHICAL MODEL\DENSECRF\MEANFIELD-MATLAB-MASTER\MEANFIELD-MATLAB-MASTER\INCLUDE\DENSECRF\X64\RELEASE\DENSECRF.OBJ
E:\WANGXIANG\CODE_MATERIAL\PROBABILISTIC GRAPHICAL MODEL\DENSECRF\MEANFIELD-MATLAB-MASTER\MEANFIELD-MATLAB-MASTER\INCLUDE\DENSECRF\X64\RELEASE\TREEPROBABILITIES.OBJ
E:\WANGXIANG\CODE_MATERIAL\PROBABILISTIC GRAPHICAL MODEL\DENSECRF\MEANFIELD-MATLAB-MASTER\MEANFIELD-MATLAB-MASTER\INCLUDE\DENSECRF\X64\RELEASE\ORDERING.OBJ
E:\WANGXIANG\CODE_MATERIAL\PROBABILISTIC GRAPHICAL MODEL\DENSECRF\MEANFIELD-MATLAB-MASTER\MEANFIELD-MATLAB-MASTER\INCLUDE\DENSECRF\X64\RELEASE\MRFENERGY.OBJ
E:\WANGXIANG\CODE_MATERIAL\PROBABILISTIC GRAPHICAL MODEL\DENSECRF\MEANFIELD-MATLAB-MASTER\MEANFIELD-MATLAB-MASTER\INCLUDE\DENSECRF\X64\RELEASE\MINIMIZE.OBJ
E:\WANGXIANG\CODE_MATERIAL\PROBABILISTIC GRAPHICAL MODEL\DENSECRF\MEANFIELD-MATLAB-MASTER\MEANFIELD-MATLAB-MASTER\INCLUDE\DENSECRF\X64\RELEASE\EXAMPLE.OBJ
E:\WANGXIANG\CODE_MATERIAL\PROBABILISTIC GRAPHICAL MODEL\DENSECRF\MEANFIELD-MATLAB-MASTER\MEANFIELD-MATLAB-MASTER\INCLUDE\DENSECRF\X64\RELEASE\PROBIMAGE.OBJ
E:\WANGXIANG\CODE_MATERIAL\PROBABILISTIC GRAPHICAL MODEL\DENSECRF\MEANFIELD-MATLAB-MASTER\MEANFIELD-MATLAB-MASTER\INCLUDE\DENSECRF\X64\RELEASE\MAXFLOW.OBJ
E:\WANGXIANG\CODE_MATERIAL\PROBABILISTIC GRAPHICAL MODEL\DENSECRF\MEANFIELD-MATLAB-MASTER\MEANFIELD-MATLAB-MASTER\INCLUDE\DENSECRF\X64\RELEASE\GRAPH.OBJ
E:\WANGXIANG\CODE_MATERIAL\PROBABILISTIC GRAPHICAL MODEL\DENSECRF\MEANFIELD-MATLAB-MASTER\MEANFIELD-MATLAB-MASTER\INCLUDE\DENSECRF\X64\RELEASE\DENSECRF_MEX.OBJ
E:\WANGXIANG\CODE_MATERIAL\PROBABILISTIC GRAPHICAL MODEL\DENSECRF\MEANFIELD-MATLAB-MASTER\MEANFIELD-MATLAB-MASTER\INCLUDE\DENSECRF\X64\RELEASE\VC110.PDB
E:\wangxiang\Code_Material\Probabilistic Graphical Model\densecrf\meanfield-matlab-master\meanfield-matlab-master\include\densecrf\x64\Release\densecrf.obj
E:\wangxiang\Code_Material\Probabilistic Graphical Model\densecrf\meanfield-matlab-master\meanfield-matlab-master\include\densecrf\x64\Release\densecrf_mex.obj
E:\wangxiang\Code_Material\Probabilistic Graphical Model\densecrf\meanfield-matlab-master\meanfield-matlab-master\include\densecrf\x64\Release\example.obj
E:\wangxiang\Code_Material\Probabilistic Graphical Model\densecrf\meanfield-matlab-master\meanfield-matlab-master\include\densecrf\x64\Release\graph.obj
E:\wangxiang\Code_Material\Probabilistic Graphical Model\densecrf\meanfield-matlab-master\meanfield-matlab-master\include\densecrf\x64\Release\labelcompatibility.obj
E:\wangxiang\Code_Material\Probabilistic Graphical Model\densecrf\meanfield-matlab-master\meanfield-matlab-master\include\densecrf\x64\Release\maxflow.obj
E:\wangxiang\Code_Material\Probabilistic Graphical Model\densecrf\meanfield-matlab-master\meanfield-matlab-master\include\densecrf\x64\Release\minimize.obj
E:\wangxiang\Code_Material\Probabilistic Graphical Model\densecrf\meanfield-matlab-master\meanfield-matlab-master\include\densecrf\x64\Release\MRFEnergy.obj
E:\wangxiang\Code_Material\Probabilistic Graphical Model\densecrf\meanfield-matlab-master\meanfield-matlab-master\include\densecrf\x64\Release\objective.obj
E:\wangxiang\Code_Material\Probabilistic Graphical Model\densecrf\meanfield-matlab-master\meanfield-matlab-master\include\densecrf\x64\Release\optimization.obj
E:\wangxiang\Code_Material\Probabilistic Graphical Model\densecrf\meanfield-matlab-master\meanfield-matlab-master\include\densecrf\x64\Release\ordering.obj
E:\wangxiang\Code_Material\Probabilistic Graphical Model\densecrf\meanfield-matlab-master\meanfield-matlab-master\include\densecrf\x64\Release\pairwise.obj
E:\wangxiang\Code_Material\Probabilistic Graphical Model\densecrf\meanfield-matlab-master\meanfield-matlab-master\include\densecrf\x64\Release\permutohedral.obj
E:\wangxiang\Code_Material\Probabilistic Graphical Model\densecrf\meanfield-matlab-master\meanfield-matlab-master\include\densecrf\x64\Release\probimage.obj
E:\wangxiang\Code_Material\Probabilistic Graphical Model\densecrf\meanfield-matlab-master\meanfield-matlab-master\include\densecrf\x64\Release\treeProbabilities.obj
E:\wangxiang\Code_Material\Probabilistic Graphical Model\densecrf\meanfield-matlab-master\meanfield-matlab-master\include\densecrf\x64\Release\unary.obj
E:\wangxiang\Code_Material\Probabilistic Graphical Model\densecrf\meanfield-matlab-master\meanfield-matlab-master\include\densecrf\x64\Release\util.obj
E:\wangxiang\Code_Material\Probabilistic Graphical Model\densecrf\meanfield-matlab-master\meanfield-matlab-master\include\densecrf\x64\Release\cl.command.1.tlog
E:\wangxiang\Code_Material\Probabilistic Graphical Model\densecrf\meanfield-matlab-master\meanfield-matlab-master\include\densecrf\x64\Release\CL.read.1.tlog
E:\wangxiang\Code_Material\Probabilistic Graphical Model\densecrf\meanfield-matlab-master\meanfield-matlab-master\include\densecrf\x64\Release\CL.write.1.tlog
E:\wangxiang\Code_Material\Probabilistic Graphical Model\densecrf\meanfield-matlab-master\meanfield-matlab-master\include\densecrf\x64\Release\link.command.1.tlog
E:\wangxiang\Code_Material\Probabilistic Graphical Model\densecrf\meanfield-matlab-master\meanfield-matlab-master\include\densecrf\x64\Release\link.read.1.tlog
E:\wangxiang\Code_Material\Probabilistic Graphical Model\densecrf\meanfield-matlab-master\meanfield-matlab-master\include\densecrf\x64\Release\link.write.1.tlog
E:\wangxiang\Code_Material\Probabilistic Graphical Model\densecrf\meanfield-matlab-master\meanfield-matlab-master\include\densecrf\x64\Release\vc110.pdb
