E:\WANGXIANG\RESEARCH\SALIENCY\MEANFIELD-MATLAB-MASTER_3\INCLUDE\DENSECRF\X64\DEBUG\DENSECRF_MEX.OBJ
E:\WANGXIANG\RESEARCH\SALIENCY\MEANFIELD-MATLAB-MASTER_3\INCLUDE\DENSECRF\X64\DEBUG\GRAPH.OBJ
E:\WANGXIANG\RESEARCH\SALIENCY\MEANFIELD-MATLAB-MASTER_3\INCLUDE\DENSECRF\X64\DEBUG\MAXFLOW.OBJ
E:\WANGXIANG\RESEARCH\SALIENCY\MEANFIELD-MATLAB-MASTER_3\INCLUDE\DENSECRF\X64\DEBUG\PROBIMAGE.OBJ
E:\WANGXIANG\RESEARCH\SALIENCY\MEANFIELD-MATLAB-MASTER_3\INCLUDE\DENSECRF\X64\DEBUG\EXAMPLE.OBJ
E:\WANGXIANG\RESEARCH\SALIENCY\MEANFIELD-MATLAB-MASTER_3\INCLUDE\DENSECRF\X64\DEBUG\MINIMIZE.OBJ
E:\WANGXIANG\RESEARCH\SALIENCY\MEANFIELD-MATLAB-MASTER_3\INCLUDE\DENSECRF\X64\DEBUG\MRFENERGY.OBJ
E:\WANGXIANG\RESEARCH\SALIENCY\MEANFIELD-MATLAB-MASTER_3\INCLUDE\DENSECRF\X64\DEBUG\ORDERING.OBJ
E:\WANGXIANG\RESEARCH\SALIENCY\MEANFIELD-MATLAB-MASTER_3\INCLUDE\DENSECRF\X64\DEBUG\TREEPROBABILITIES.OBJ
E:\WANGXIANG\RESEARCH\SALIENCY\MEANFIELD-MATLAB-MASTER_3\INCLUDE\DENSECRF\X64\DEBUG\LBFGS.OBJ
E:\WANGXIANG\RESEARCH\SALIENCY\MEANFIELD-MATLAB-MASTER_3\INCLUDE\DENSECRF\X64\DEBUG\DENSECRF.OBJ
E:\WANGXIANG\RESEARCH\SALIENCY\MEANFIELD-MATLAB-MASTER_3\INCLUDE\DENSECRF\X64\DEBUG\LABELCOMPATIBILITY.OBJ
E:\WANGXIANG\RESEARCH\SALIENCY\MEANFIELD-MATLAB-MASTER_3\INCLUDE\DENSECRF\X64\DEBUG\OBJECTIVE.OBJ
E:\WANGXIANG\RESEARCH\SALIENCY\MEANFIELD-MATLAB-MASTER_3\INCLUDE\DENSECRF\X64\DEBUG\OPTIMIZATION.OBJ
E:\WANGXIANG\RESEARCH\SALIENCY\MEANFIELD-MATLAB-MASTER_3\INCLUDE\DENSECRF\X64\DEBUG\PAIRWISE.OBJ
E:\WANGXIANG\RESEARCH\SALIENCY\MEANFIELD-MATLAB-MASTER_3\INCLUDE\DENSECRF\X64\DEBUG\PERMUTOHEDRAL.OBJ
E:\WANGXIANG\RESEARCH\SALIENCY\MEANFIELD-MATLAB-MASTER_3\INCLUDE\DENSECRF\X64\DEBUG\UNARY.OBJ
E:\WANGXIANG\RESEARCH\SALIENCY\MEANFIELD-MATLAB-MASTER_3\INCLUDE\DENSECRF\X64\DEBUG\UTIL.OBJ
E:\WANGXIANG\RESEARCH\SALIENCY\MEANFIELD-MATLAB-MASTER_3\INCLUDE\DENSECRF\X64\DEBUG\VC110.PDB
E:\WANGXIANG\RESEARCH\SALIENCY\MEANFIELD-MATLAB-MASTER_3\INCLUDE\X64\DEBUG\DENSECRF.ILK
E:\WANGXIANG\RESEARCH\SALIENCY\MEANFIELD-MATLAB-MASTER_3\INCLUDE\X64\DEBUG\DENSECRF.EXE
E:\WANGXIANG\RESEARCH\SALIENCY\MEANFIELD-MATLAB-MASTER_3\INCLUDE\X64\DEBUG\DENSECRF.PDB
E:\wangxiang\Research\Saliency\meanfield-matlab-master_3\include\densecrf\x64\Debug\cl.command.1.tlog
E:\wangxiang\Research\Saliency\meanfield-matlab-master_3\include\densecrf\x64\Debug\CL.read.1.tlog
E:\wangxiang\Research\Saliency\meanfield-matlab-master_3\include\densecrf\x64\Debug\CL.write.1.tlog
E:\wangxiang\Research\Saliency\meanfield-matlab-master_3\include\densecrf\x64\Debug\link-cvtres.read.1.tlog
E:\wangxiang\Research\Saliency\meanfield-matlab-master_3\include\densecrf\x64\Debug\link-cvtres.write.1.tlog
E:\wangxiang\Research\Saliency\meanfield-matlab-master_3\include\densecrf\x64\Debug\link-rc.read.1.tlog
E:\wangxiang\Research\Saliency\meanfield-matlab-master_3\include\densecrf\x64\Debug\link-rc.write.1.tlog
E:\wangxiang\Research\Saliency\meanfield-matlab-master_3\include\densecrf\x64\Debug\link.command.1.tlog
E:\wangxiang\Research\Saliency\meanfield-matlab-master_3\include\densecrf\x64\Debug\link.read.1.tlog
E:\wangxiang\Research\Saliency\meanfield-matlab-master_3\include\densecrf\x64\Debug\link.write.1.tlog
E:\wangxiang\Research\Saliency\meanfield-matlab-master_3\include\densecrf\x64\Debug\vc110.idb
